[00:28:24] [ServerMain/INFO]: Environment: Environment[sessionHost=https://sessionserver.mojang.com, servicesHost=https://api.minecraftservices.com, name=PROD]
[00:28:26] [ServerMain/INFO]: Loaded 1370 recipes
[00:28:27] [ServerMain/INFO]: Loaded 1481 advancements
[00:28:27] [Server thread/INFO]: Starting minecraft server version 1.21.4
[00:28:27] [Server thread/INFO]: Loading properties
[00:28:27] [Server thread/INFO]: Default game type: SURVIVAL
[00:28:27] [Server thread/INFO]: Generating keypair
[00:28:27] [Server thread/INFO]: Starting Minecraft server on *:25565
[00:28:27] [Server thread/INFO]: Using epoll channel type
[00:28:27] [Server thread/WARN]: **** SERVER IS RUNNING IN OFFLINE/INSECURE MODE!
[00:28:27] [Server thread/WARN]: The server will make no attempt to authenticate usernames. Beware.
[00:28:27] [Server thread/WARN]: While this makes the game possible to play without internet access, it also opens up the ability for hackers to connect with any username they choose.
[00:28:27] [Server thread/WARN]: To change this, set "online-mode" to "true" in the server.properties file.
[00:28:27] [Server thread/INFO]: Preparing level "world"
[00:28:27] [Server thread/INFO]: Preparing start region for dimension minecraft:overworld
[00:28:32] [Worker-Main-1/INFO]: Preparing spawn area: 0%
[00:28:32] [Worker-Main-1/INFO]: Preparing spawn area: 0%
[00:28:32] [Worker-Main-1/INFO]: Preparing spawn area: 0%
[00:28:32] [Worker-Main-1/INFO]: Preparing spawn area: 0%
[00:28:32] [Worker-Main-1/INFO]: Preparing spawn area: 0%
[00:28:32] [Worker-Main-1/INFO]: Preparing spawn area: 0%
[00:28:32] [Worker-Main-1/INFO]: Preparing spawn area: 0%
[00:28:32] [Worker-Main-1/INFO]: Preparing spawn area: 0%
[00:28:32] [Worker-Main-1/INFO]: Preparing spawn area: 0%
[00:28:32] [Worker-Main-1/INFO]: Preparing spawn area: 0%
[00:28:32] [Server thread/INFO]: Time elapsed: 4714 ms
[00:28:32] [Server thread/INFO]: Done (5.055s)! For help, type "help"
[00:29:32] [Server thread/INFO]: Server empty for 60 seconds, pausing
[00:30:31] [Server thread/INFO]: Chimuel0x[/127.163.104.42:58001] logged in with entity id 167 at (9.250502066933024, 63.0, 40.199213779487984)
[00:30:31] [Server thread/INFO]: Chimuel0x joined the game
[00:36:06] [Server thread/INFO]: gollo:)[/127.190.170.83:53007] logged in with entity id 2119 at (-10.236711462398182, 63.0, 57.60184711100463)
[00:36:06] [Server thread/INFO]: gollo:) joined the game
[00:36:16] [Server thread/INFO]: [Not Secure] <Chimuel0x> hola bb
[00:36:21] [Server thread/INFO]: [Not Secure] <gollo:)> xd
[00:36:25] [Server thread/INFO]: gollo:) lost connection: Disconnected
[00:36:25] [Server thread/INFO]: gollo:) left the game
